2022-07-30T11:21:15+00:00 CRITICAL Uncaught Twilio\Exceptions\ConfigurationException: Credentials are required to create a Client in C:\xampp\htdocs\sms_notification\wp-content\plugins\nw wpem-sms-notifications\vendor\twilio\sdk\src\Twilio\Rest\Client.php:173
Stack trace:
#0 C:\xampp\htdocs\sms_notification\wp-content\plugins\nw wpem-sms-notifications\wpem-sms-notifications-functions.php(19): Twilio\Rest\Client->__construct(NULL, NULL)
#1 C:\xampp\htdocs\sms_notification\wp-includes\class-wp-hook.php(309): user_reg_func(18)
#2 C:\xampp\htdocs\sms_notification\wp-includes\class-wp-hook.php(331): WP_Hook->apply_filters('', Array)
#3 C:\xampp\htdocs\sms_notification\wp-includes\plugin.php(474): WP_Hook->do_action(Array)
#4 C:\xampp\htdocs\sms_notification\wp-includes\user.php(2316): do_action('user_register', 18, Array)
#5 C:\xampp\htdocs\sms_notification\wp-admin\includes\user.php(229): wp_insert_user(Array)
#6 C:\xampp\htdocs\sms_notification\wp-admin\user-new.php(189): edit_user()
#7 {main}
  thrown in C:\xampp\htdocs\sms_notification\wp-content\plugins\nw wpem-sms-notifications\vendor\twilio\sdk\src\Twilio\Rest\Client.php on line 173

2022-07-30T11:24:37+00:00 CRITICAL Uncaught Twilio\Exceptions\ConfigurationException: Credentials are required to create a Client in C:\xampp\htdocs\sms_notification\wp-content\plugins\nw wpem-sms-notifications\vendor\twilio\sdk\src\Twilio\Rest\Client.php:173
Stack trace:
#0 C:\xampp\htdocs\sms_notification\wp-content\plugins\nw wpem-sms-notifications\wpem-sms-notifications-functions.php(22): Twilio\Rest\Client->__construct(NULL, NULL)
#1 C:\xampp\htdocs\sms_notification\wp-includes\class-wp-hook.php(309): user_reg_func(19)
#2 C:\xampp\htdocs\sms_notification\wp-includes\class-wp-hook.php(331): WP_Hook->apply_filters('', Array)
#3 C:\xampp\htdocs\sms_notification\wp-includes\plugin.php(474): WP_Hook->do_action(Array)
#4 C:\xampp\htdocs\sms_notification\wp-includes\user.php(2316): do_action('user_register', 19, Array)
#5 C:\xampp\htdocs\sms_notification\wp-admin\includes\user.php(229): wp_insert_user(Array)
#6 C:\xampp\htdocs\sms_notification\wp-admin\user-new.php(189): edit_user()
#7 {main}
  thrown in C:\xampp\htdocs\sms_notification\wp-content\plugins\nw wpem-sms-notifications\vendor\twilio\sdk\src\Twilio\Rest\Client.php on line 173

2022-07-30T11:42:00+00:00 CRITICAL require_once(): Failed opening required '\admin\partials\menu-landing.php' (include_path='C:\xampp\php\PEAR') in C:\xampp\htdocs\sms_notification\wp-content\plugins\wpem-sms-notifications\wpem-sms-notifications.php on line 216

2022-07-30T11:54:12+00:00 CRITICAL require(): Failed opening required 'C:\xampp\htdocs\sms_notification\wp-content\plugins\wpem-sms-notifications\admin\partials/vendor/autoload.php' (include_path='C:\xampp\php\PEAR') in C:\xampp\htdocs\sms_notification\wp-content\plugins\wpem-sms-notifications\admin\partials\menu-landing.php on line 2

2022-07-30T11:54:42+00:00 CRITICAL Uncaught Error: Class 'Client' not found in C:\xampp\htdocs\sms_notification\wp-content\plugins\wpem-sms-notifications\admin\partials\menu-landing.php:13
Stack trace:
#0 C:\xampp\htdocs\sms_notification\wp-content\plugins\wpem-sms-notifications\wpem-sms-notifications.php(216): require_once()
#1 C:\xampp\htdocs\sms_notification\wp-includes\class-wp-hook.php(307): menu_function('')
#2 C:\xampp\htdocs\sms_notification\wp-includes\class-wp-hook.php(331): WP_Hook->apply_filters('', Array)
#3 C:\xampp\htdocs\sms_notification\wp-includes\plugin.php(474): WP_Hook->do_action(Array)
#4 C:\xampp\htdocs\sms_notification\wp-admin\admin.php(259): do_action('toplevel_page_w...')
#5 {main}
  thrown in C:\xampp\htdocs\sms_notification\wp-content\plugins\wpem-sms-notifications\admin\partials\menu-landing.php on line 13

2022-07-30T11:55:08+00:00 CRITICAL Uncaught TypeError: Argument 1 passed to Twilio\Rest\Api\V2010\Account\MessageList::create() must be of the type string, null given, called in C:\xampp\htdocs\sms_notification\wp-content\plugins\wpem-sms-notifications\wpem-sms-notifications.php on line 238 and defined in C:\xampp\htdocs\sms_notification\wp-content\plugins\wpem-sms-notifications\vendor\twilio\sdk\src\Twilio\Rest\Api\V2010\Account\MessageList.php:44
Stack trace:
#0 C:\xampp\htdocs\sms_notification\wp-content\plugins\wpem-sms-notifications\wpem-sms-notifications.php(238): Twilio\Rest\Api\V2010\Account\MessageList->create(NULL, Array)
#1 C:\xampp\htdocs\sms_notification\wp-settings.php(418): include_once('C:\\xampp\\htdocs...')
#2 C:\xampp\htdocs\sms_notification\wp-config.php(96): require_once('C:\\xampp\\htdocs...')
#3 C:\xampp\htdocs\sms_notification\wp-load.php(50): require_once('C:\\xampp\\htdocs...')
#4 C:\xampp\htdocs\sms_notification\wp-admin\admin.php(34): require_once('C:\\xampp\\htdocs...')
#5 {main}
  thrown in C:\xampp\htdocs\sms_notification\wp-content\plugins\wpem-sms-notifications\vendor\twilio\sdk\src\Twilio\Rest\Api\V2010\Account\MessageList.php on line 44

2022-07-30T11:55:44+00:00 CRITICAL Uncaught TypeError: Argument 1 passed to Twilio\Rest\Api\V2010\Account\MessageList::create() must be of the type string, null given, called in C:\xampp\htdocs\sms_notification\wp-content\plugins\wpem-sms-notifications\wpem-sms-notifications.php on line 238 and defined in C:\xampp\htdocs\sms_notification\wp-content\plugins\wpem-sms-notifications\vendor\twilio\sdk\src\Twilio\Rest\Api\V2010\Account\MessageList.php:44
Stack trace:
#0 C:\xampp\htdocs\sms_notification\wp-content\plugins\wpem-sms-notifications\wpem-sms-notifications.php(238): Twilio\Rest\Api\V2010\Account\MessageList->create(NULL, Array)
#1 C:\xampp\htdocs\sms_notification\wp-settings.php(418): include_once('C:\\xampp\\htdocs...')
#2 C:\xampp\htdocs\sms_notification\wp-config.php(96): require_once('C:\\xampp\\htdocs...')
#3 C:\xampp\htdocs\sms_notification\wp-load.php(50): require_once('C:\\xampp\\htdocs...')
#4 C:\xampp\htdocs\sms_notification\wp-admin\admin.php(34): require_once('C:\\xampp\\htdocs...')
#5 {main}
  thrown in C:\xampp\htdocs\sms_notification\wp-content\plugins\wpem-sms-notifications\vendor\twilio\sdk\src\Twilio\Rest\Api\V2010\Account\MessageList.php on line 44

2022-07-30T11:55:50+00:00 CRITICAL Uncaught TypeError: Argument 1 passed to Twilio\Rest\Api\V2010\Account\MessageList::create() must be of the type string, null given, called in C:\xampp\htdocs\sms_notification\wp-content\plugins\wpem-sms-notifications\wpem-sms-notifications.php on line 238 and defined in C:\xampp\htdocs\sms_notification\wp-content\plugins\wpem-sms-notifications\vendor\twilio\sdk\src\Twilio\Rest\Api\V2010\Account\MessageList.php:44
Stack trace:
#0 C:\xampp\htdocs\sms_notification\wp-content\plugins\wpem-sms-notifications\wpem-sms-notifications.php(238): Twilio\Rest\Api\V2010\Account\MessageList->create(NULL, Array)
#1 C:\xampp\htdocs\sms_notification\wp-settings.php(418): include_once('C:\\xampp\\htdocs...')
#2 C:\xampp\htdocs\sms_notification\wp-config.php(96): require_once('C:\\xampp\\htdocs...')
#3 C:\xampp\htdocs\sms_notification\wp-load.php(50): require_once('C:\\xampp\\htdocs...')
#4 C:\xampp\htdocs\sms_notification\wp-admin\admin.php(34): require_once('C:\\xampp\\htdocs...')
#5 {main}
  thrown in C:\xampp\htdocs\sms_notification\wp-content\plugins\wpem-sms-notifications\vendor\twilio\sdk\src\Twilio\Rest\Api\V2010\Account\MessageList.php on line 44

2022-07-30T13:04:14+00:00 CRITICAL Cannot redeclare sms_Send() (previously declared in C:\xampp\htdocs\sms_notification\wp-content\plugins\wpem-sms-notifications\wpem-sms-notifications.php:222) in C:\xampp\htdocs\sms_notification\wp-content\plugins\wpem-sms-notifications\wpem-sms-notifications.php on line 246

2022-07-30T13:10:54+00:00 CRITICAL Uncaught TypeError: Argument 1 passed to Twilio\Rest\Api\V2010\Account\MessageList::create() must be of the type string, array given, called in C:\xampp\htdocs\sms_notification\wp-content\plugins\wpem-sms-notifications\wpem-sms-notifications.php on line 238 and defined in C:\xampp\htdocs\sms_notification\wp-content\plugins\wpem-sms-notifications\vendor\twilio\sdk\src\Twilio\Rest\Api\V2010\Account\MessageList.php:44
Stack trace:
#0 C:\xampp\htdocs\sms_notification\wp-content\plugins\wpem-sms-notifications\wpem-sms-notifications.php(238): Twilio\Rest\Api\V2010\Account\MessageList->create(Array, Array)
#1 C:\xampp\htdocs\sms_notification\wp-content\plugins\wpem-sms-notifications\wpem-sms-notifications.php(248): sms_send(Array, 'Hey Wassup')
#2 C:\xampp\htdocs\sms_notification\wp-includes\class-wp-hook.php(309): sms_Send1(22)
#3 C:\xampp\htdocs\sms_notification\wp-includes\class-wp-hook.php(331): WP_Hook->apply_filters('', Array)
#4 C:\xampp\htdocs\sms_notification\wp-includes\plugin.php(474): WP_Hook->do_action( in C:\xampp\htdocs\sms_notification\wp-content\plugins\wpem-sms-notifications\vendor\twilio\sdk\src\Twilio\Rest\Api\V2010\Account\MessageList.php on line 44

2022-07-30T13:22:03+00:00 CRITICAL Uncaught Twilio\Exceptions\RestException: [HTTP 400] Unable to create record: The number  is unverified. Trial accounts cannot send messages to unverified numbers; verify  at twilio.com/user/account/phone-numbers/verified, or purchase a Twilio number to send messages to unverified numbers. in C:\xampp\htdocs\sms_notification\wp-content\plugins\wpem-sms-notifications\vendor\twilio\sdk\src\Twilio\Version.php:88
Stack trace:
#0 C:\xampp\htdocs\sms_notification\wp-content\plugins\wpem-sms-notifications\vendor\twilio\sdk\src\Twilio\Version.php(223): Twilio\Version->exception(Object(Twilio\Http\Response), 'Unable to creat...')
#1 C:\xampp\htdocs\sms_notification\wp-content\plugins\wpem-sms-notifications\vendor\twilio\sdk\src\Twilio\Rest\Api\V2010\Account\MessageList.php(69): Twilio\Version->create('POST', '/Accounts/AC73a...', Array, Array)
#2 C:\xampp\htdocs\sms_notification\wp-content\plugins\wpem-sms-notifications\wpem-sms-notifications.php(238): Twilio\Rest\Api\V2010\Account\MessageList->create(''+917744946000' in C:\xampp\htdocs\sms_notification\wp-content\plugins\wpem-sms-notifications\vendor\twilio\sdk\src\Twilio\Version.php on line 88

