2022-06-13T17:14:55+00:00 ERROR Incorrect response from Mailchimp API with: stdClass Object
(
    [code] => mailchimp-error
    [message] => A MailChimp error has occurred.
    [data] => stdClass Object
        (
            [type] => https://mailchimp.com/developer/marketing/docs/errors/
            [title] => Invalid Resource
            [status] => 400
            [detail] => a@a.com looks fake or invalid, please enter a real email address.
            [instance] => 0af500b6-aec1-10f0-b8f8-0068918307c5
        )

)

2022-06-13T17:25:01+00:00 ERROR Incorrect response from Mailchimp API with: stdClass Object
(
    [code] => mailchimp-error
    [message] => A MailChimp error has occurred.
    [data] => stdClass Object
        (
            [type] => https://mailchimp.com/developer/marketing/docs/errors/
            [title] => Too Many Requests
            [status] => 429
            [detail] => You have exceeded the limit of 10 simultaneous connections.
            [instance] => e06ad070-471f-3ceb-a0b4-cd8474538606
        )

)

