2022-08-02T11:42:45+00:00 ERROR Incorrect response from Mailchimp API with: stdClass Object
(
    [code] => mailchimp-error
    [message] => A MailChimp error has occurred.
    [data] => stdClass Object
        (
            [type] => https://mailchimp.com/developer/marketing/docs/errors/
            [title] => Invalid Resource
            [status] => 400
            [detail] => a@a.com looks fake or invalid, please enter a real email address.
            [instance] => ed1a0499-6d31-edbe-7303-7a895bc93a0c
        )

)

2022-08-02T17:24:34+00:00 ERROR Incorrect response from Mailchimp API with: stdClass Object
(
    [code] => mailchimp-error
    [message] => A MailChimp error has occurred.
    [data] => stdClass Object
        (
            [type] => https://mailchimp.com/developer/marketing/docs/errors/
            [title] => Invalid Resource
            [status] => 400
            [detail] => a@a.com looks fake or invalid, please enter a real email address.
            [instance] => c1eb97bb-16dc-c5ea-fae4-400c47acd648
        )

)

